[2025-12-18 11:37:10] Request: GET SessionID: 6ovs9m5bdpqgnp78er6m4hkmf5 Payload: 
[2025-12-18 11:37:10] Session cart exists. Items: []
[2025-12-18 11:37:13] Request: POST SessionID: 6ovs9m5bdpqgnp78er6m4hkmf5 Payload: {"action":"add","id":{"id":7,"name":"4K Monitor 27-inch","description":"IPS panel with 144Hz refresh rate and HDR support.","price":"15000.00","cost":"0.00","stock_quantity":10,"sku":null,"category":null,"image_url":"https://picsum.photos/seed/7/300/300","created_at":"2025-12-12 11:45:59","sold":"74"}}
[2025-12-18 11:37:13] Session cart exists. Items: []
[2025-12-18 11:37:16] Request: POST SessionID: 6ovs9m5bdpqgnp78er6m4hkmf5 Payload: {"action":"add","id":{"id":7,"name":"4K Monitor 27-inch","description":"IPS panel with 144Hz refresh rate and HDR support.","price":"15000.00","cost":"0.00","stock_quantity":10,"sku":null,"category":null,"image_url":"https://picsum.photos/seed/7/300/300","created_at":"2025-12-12 11:45:59","sold":"74"}}
[2025-12-18 11:37:16] Session cart exists. Items: []
[2025-12-18 11:39:26] Request: GET SessionID: 6ovs9m5bdpqgnp78er6m4hkmf5 Payload: 
[2025-12-18 11:39:26] Session cart exists. Items: []
[2025-12-18 11:39:28] Request: POST SessionID: 6ovs9m5bdpqgnp78er6m4hkmf5 Payload: {"action":"add","id":{"id":3,"name":"Mechanical Keyboard","description":"RGB backlit mechanical keyboard with Cherry MX Blue switches.","price":"3200.00","cost":"0.00","stock_quantity":100,"sku":null,"category":null,"image_url":"https://picsum.photos/seed/3/300/300","created_at":"2025-12-12 11:45:59","sold":"94"}}
[2025-12-18 11:39:28] Session cart exists. Items: []
[2025-12-18 11:39:28] Adding item ID: 3
[2025-12-18 11:39:28] Request: GET SessionID: 6ovs9m5bdpqgnp78er6m4hkmf5 Payload: 
[2025-12-18 11:39:28] Session cart exists. Items: {"3":1}
[2025-12-18 11:39:34] Request: POST SessionID: 6ovs9m5bdpqgnp78er6m4hkmf5 Payload: {"action":"clear"}
[2025-12-18 11:39:34] Session cart exists. Items: []
[2025-12-18 11:39:34] Request: GET SessionID: 6ovs9m5bdpqgnp78er6m4hkmf5 Payload: 
[2025-12-18 11:39:34] Session cart exists. Items: []
[2025-12-18 11:40:20] Request: GET SessionID: 6ovs9m5bdpqgnp78er6m4hkmf5 Payload: 
[2025-12-18 11:40:20] Session cart exists. Items: []
[2025-12-18 11:41:58] Request: GET SessionID: 6ovs9m5bdpqgnp78er6m4hkmf5 Payload: 
[2025-12-18 11:41:58] Session cart exists. Items: []
[2025-12-18 11:42:17] Request: GET SessionID: 6ovs9m5bdpqgnp78er6m4hkmf5 Payload: 
[2025-12-18 11:42:17] Session cart exists. Items: []
[2025-12-18 11:44:39] Request: GET SessionID: 6ovs9m5bdpqgnp78er6m4hkmf5 Payload: 
[2025-12-18 11:44:39] Session cart exists. Items: []
[2025-12-18 11:44:49] Request: GET SessionID: 6ovs9m5bdpqgnp78er6m4hkmf5 Payload: 
[2025-12-18 11:44:49] Session cart exists. Items: []
[2025-12-18 11:44:51] Request: GET SessionID: 6ovs9m5bdpqgnp78er6m4hkmf5 Payload: 
[2025-12-18 11:44:51] Session cart exists. Items: []
[2025-12-18 11:48:14] Request: GET SessionID: 6ovs9m5bdpqgnp78er6m4hkmf5 Payload: 
[2025-12-18 11:48:14] Session cart exists. Items: []
[2025-12-18 11:48:26] Request: GET SessionID: 6ovs9m5bdpqgnp78er6m4hkmf5 Payload: 
[2025-12-18 11:48:26] Session cart exists. Items: []
[2025-12-18 11:48:28] Request: GET SessionID: 6ovs9m5bdpqgnp78er6m4hkmf5 Payload: 
[2025-12-18 11:48:28] Session cart exists. Items: []
[2025-12-18 11:52:21] Request: GET SessionID: 6ovs9m5bdpqgnp78er6m4hkmf5 Payload: 
[2025-12-18 11:52:21] Session cart exists. Items: []
[2025-12-18 11:52:38] Request: GET SessionID: 6ovs9m5bdpqgnp78er6m4hkmf5 Payload: 
[2025-12-18 11:52:38] Session cart exists. Items: []
[2025-12-19 07:21:32] Request: GET SessionID: 8encp7o2lhi9chqpht8kphgdrt Payload: 
[2025-12-19 07:21:32] Session cart initialized. Items: []
[2025-12-19 07:24:59] Request: GET SessionID: h1jes6j5vnj5ftgq1vco27i20g Payload: 
[2025-12-19 07:24:59] Session cart initialized. Items: []
[2025-12-19 07:24:59] Request: GET SessionID: h1jes6j5vnj5ftgq1vco27i20g Payload: 
[2025-12-19 07:24:59] Session cart exists. Items: []
[2025-12-19 07:26:19] Request: GET SessionID: 8encp7o2lhi9chqpht8kphgdrt Payload: 
[2025-12-19 07:26:19] Session cart exists. Items: []
[2025-12-19 07:35:43] Request: GET SessionID: 8encp7o2lhi9chqpht8kphgdrt Payload: 
[2025-12-19 07:35:43] Session cart exists. Items: []
[2025-12-19 07:38:30] Request: GET SessionID: a9bg5vvg6ia4tiir5mh3ihp62m Payload: 
[2025-12-19 07:38:30] Session cart initialized. Items: []
[2025-12-19 07:38:30] Request: GET SessionID: a9bg5vvg6ia4tiir5mh3ihp62m Payload: 
[2025-12-19 07:38:30] Session cart exists. Items: []
[2025-12-19 07:38:35] Request: GET SessionID: a9bg5vvg6ia4tiir5mh3ihp62m Payload: 
[2025-12-19 07:38:35] Session cart exists. Items: []
[2025-12-19 07:38:35] Request: GET SessionID: a9bg5vvg6ia4tiir5mh3ihp62m Payload: 
[2025-12-19 07:38:35] Session cart exists. Items: []
[2025-12-19 07:41:35] Request: GET SessionID: a9bg5vvg6ia4tiir5mh3ihp62m Payload: 
[2025-12-19 07:41:35] Session cart exists. Items: []
[2025-12-19 07:44:56] Request: GET SessionID: 8encp7o2lhi9chqpht8kphgdrt Payload: 
[2025-12-19 07:44:56] Session cart exists. Items: []
[2025-12-19 07:45:07] Request: GET SessionID: 8encp7o2lhi9chqpht8kphgdrt Payload: 
[2025-12-19 07:45:07] Session cart exists. Items: []
[2025-12-19 07:46:38] Request: GET SessionID: 8encp7o2lhi9chqpht8kphgdrt Payload: 
[2025-12-19 07:46:38] Session cart exists. Items: []
[2025-12-19 07:49:14] Request: GET SessionID: 8encp7o2lhi9chqpht8kphgdrt Payload: 
[2025-12-19 07:49:14] Session cart exists. Items: []
[2025-12-19 07:50:16] Request: GET SessionID: 8encp7o2lhi9chqpht8kphgdrt Payload: 
[2025-12-19 07:50:16] Session cart exists. Items: []
[2025-12-19 07:50:17] Request: GET SessionID: 8encp7o2lhi9chqpht8kphgdrt Payload: 
[2025-12-19 07:50:17] Session cart exists. Items: []
[2025-12-19 07:50:19] Request: GET SessionID: 8encp7o2lhi9chqpht8kphgdrt Payload: 
[2025-12-19 07:50:19] Session cart exists. Items: []
[2025-12-19 07:50:44] Request: GET SessionID: ctopfeed08vrcqs4bqvfceb5ii Payload: 
[2025-12-19 07:50:44] Session cart initialized. Items: []
[2025-12-19 07:51:12] Request: GET SessionID: 8encp7o2lhi9chqpht8kphgdrt Payload: 
[2025-12-19 07:51:12] Session cart exists. Items: []
[2025-12-19 07:51:41] Request: GET SessionID: 8encp7o2lhi9chqpht8kphgdrt Payload: 
[2025-12-19 07:51:41] Session cart exists. Items: []
[2025-12-19 07:52:12] Request: GET SessionID: 8encp7o2lhi9chqpht8kphgdrt Payload: 
[2025-12-19 07:52:12] Session cart exists. Items: []
[2025-12-19 08:16:46] Request: GET SessionID: 8encp7o2lhi9chqpht8kphgdrt Payload: 
[2025-12-19 08:16:46] Session cart exists. Items: []
[2025-12-19 08:18:47] Request: GET SessionID: 8encp7o2lhi9chqpht8kphgdrt Payload: 
[2025-12-19 08:18:47] Session cart exists. Items: []
[2025-12-19 08:25:53] Request: GET SessionID: 8encp7o2lhi9chqpht8kphgdrt Payload: 
[2025-12-19 08:25:53] Session cart initialized. Items: []
[2025-12-19 08:27:25] Request: GET SessionID: 8encp7o2lhi9chqpht8kphgdrt Payload: 
[2025-12-19 08:27:25] Session cart exists. Items: []
[2025-12-19 08:32:43] Request: GET SessionID: 8encp7o2lhi9chqpht8kphgdrt Payload: 
[2025-12-19 08:32:43] Session cart initialized. Items: []
[2025-12-19 08:40:21] Request: GET SessionID: 8encp7o2lhi9chqpht8kphgdrt Payload: 
[2025-12-19 08:40:21] Session cart exists. Items: []
[2025-12-19 08:46:03] Request: GET SessionID: 8encp7o2lhi9chqpht8kphgdrt Payload: 
[2025-12-19 08:46:03] Session cart initialized. Items: []
[2025-12-19 08:46:40] Request: GET SessionID: 8encp7o2lhi9chqpht8kphgdrt Payload: 
[2025-12-19 08:46:40] Session cart exists. Items: []
[2025-12-19 08:49:45] Request: GET SessionID: 8encp7o2lhi9chqpht8kphgdrt Payload: 
[2025-12-19 08:49:45] Session cart exists. Items: []
[2025-12-19 08:49:53] Request: GET SessionID: 8encp7o2lhi9chqpht8kphgdrt Payload: 
[2025-12-19 08:49:53] Session cart exists. Items: []
[2025-12-19 08:50:02] Request: GET SessionID: 8encp7o2lhi9chqpht8kphgdrt Payload: 
[2025-12-19 08:50:02] Session cart exists. Items: []
[2025-12-19 08:50:04] Request: GET SessionID: 8encp7o2lhi9chqpht8kphgdrt Payload: 
[2025-12-19 08:50:04] Session cart exists. Items: []
[2025-12-19 08:50:43] Request: GET SessionID: 8encp7o2lhi9chqpht8kphgdrt Payload: 
[2025-12-19 08:50:43] Session cart exists. Items: []
[2025-12-19 08:51:28] Request: GET SessionID: 8encp7o2lhi9chqpht8kphgdrt Payload: 
[2025-12-19 08:51:28] Session cart exists. Items: []
[2025-12-19 08:52:09] Request: GET SessionID: 8encp7o2lhi9chqpht8kphgdrt Payload: 
[2025-12-19 08:52:09] Session cart exists. Items: []
[2025-12-19 08:52:21] Request: GET SessionID: 8encp7o2lhi9chqpht8kphgdrt Payload: 
[2025-12-19 08:52:21] Session cart exists. Items: []
[2025-12-19 08:52:36] Request: GET SessionID: 8encp7o2lhi9chqpht8kphgdrt Payload: 
[2025-12-19 08:52:36] Session cart exists. Items: []
[2025-12-19 08:55:26] Request: GET SessionID: 8encp7o2lhi9chqpht8kphgdrt Payload: 
[2025-12-19 08:55:26] Session cart exists. Items: []
[2025-12-19 08:56:08] Request: GET SessionID: 8encp7o2lhi9chqpht8kphgdrt Payload: 
[2025-12-19 08:56:08] Session cart exists. Items: []
